<?xml version="1.0" encoding="UTF-8"?>
<testng-results ignored="0" total="1" passed="1" failed="0" skipped="0">
  <reporter-output>
  </reporter-output>
  <suite started-at="2023-03-30T19:16:54 IST" name="Default suite" finished-at="2023-03-30T19:16:57 IST" duration-ms="2070">
    <groups>
    </groups>
    <test started-at="2023-03-30T19:16:54 IST" name="Default test" finished-at="2023-03-30T19:16:57 IST" duration-ms="2070">
      <class name="APITests.usersTest">
        <test-method is-config="true" signature="setupData()[pri:0, instance:APITests.usersTest@5b218417]" started-at="2023-03-30T19:16:55 IST" name="setupData" finished-at="2023-03-30T19:16:55 IST" duration-ms="14" status="PASS">
          <reporter-output>
          </reporter-output>
        </test-method> <!-- setupData -->
        <test-method signature="getTestUser()[pri:0, instance:APITests.usersTest@5b218417]" started-at="2023-03-30T19:16:55 IST" name="getTestUser" finished-at="2023-03-30T19:16:57 IST" duration-ms="2020" status="PASS">
          <reporter-output>
          </reporter-output>
        </test-method> <!-- getTestUser -->
      </class> <!-- APITests.usersTest -->
    </test> <!-- Default test -->
  </suite> <!-- Default suite -->
</testng-results>
