<?xml version="1.0" encoding="UTF-8"?>
<testng-results ignored="1" total="2" passed="1" failed="0" skipped="0">
  <reporter-output>
  </reporter-output>
  <suite started-at="2023-04-10T18:50:39 IST" name="Default suite" finished-at="2023-04-10T18:50:42 IST" duration-ms="2944">
    <groups>
    </groups>
    <test started-at="2023-04-10T18:50:39 IST" name="Default test" finished-at="2023-04-10T18:50:42 IST" duration-ms="2944">
      <class name="APITests.usersTest">
        <test-method is-config="true" signature="setupData()[pri:0, instance:APITests.usersTest@645aa696]" started-at="2023-04-10T18:50:39 IST" name="setupData" finished-at="2023-04-10T18:50:39 IST" duration-ms="14" status="PASS">
          <reporter-output>
          </reporter-output>
        </test-method> <!-- setupData -->
        <test-method signature="getTestUser()[pri:2, instance:APITests.usersTest@645aa696]" started-at="2023-04-10T18:50:39 IST" name="getTestUser" finished-at="2023-04-10T18:50:42 IST" duration-ms="2883" status="PASS">
          <reporter-output>
          </reporter-output>
        </test-method> <!-- getTestUser -->
      </class> <!-- APITests.usersTest -->
    </test> <!-- Default test -->
  </suite> <!-- Default suite -->
</testng-results>
